mode: atomic
antistudio/internal/core/agent/message.go:63.61,65.2 1 1
antistudio/internal/core/agent/message.go:67.61,69.2 1 1
antistudio/internal/app/agent_api.go:18.55,22.2 1 5
antistudio/internal/app/agent_api.go:26.49,28.2 1 1
antistudio/internal/app/agent_api.go:32.54,33.18 1 1
antistudio/internal/app/agent_api.go:33.18,35.3 1 1
antistudio/internal/app/agent_api.go:38.2,38.12 1 0
antistudio/internal/app/agent_api.go:38.12,39.75 1 0
antistudio/internal/app/agent_api.go:39.75,44.4 2 0
antistudio/internal/app/agent_api.go:46.3,46.17 1 0
antistudio/internal/app/agent_api.go:46.17,55.4 1 0
antistudio/internal/app/agent_api.go:58.2,58.12 1 0
antistudio/internal/app/agent_api.go:62.81,64.2 1 2
antistudio/internal/app/skill_api.go:16.54,20.2 1 0
antistudio/internal/app/skill_api.go:23.49,25.2 1 0
antistudio/internal/app/skill_api.go:28.62,30.2 1 0
antistudio/internal/app/skill_api.go:33.58,35.2 1 0
antistudio/internal/app/skill_api.go:38.56,40.2 1 0
antistudio/internal/app/skill_api.go:43.43,45.2 1 0
antistudio/internal/infra/database/sqlite.go:20.78,23.47 2 0
antistudio/internal/infra/database/sqlite.go:23.47,25.3 1 0
antistudio/internal/infra/database/sqlite.go:28.2,30.16 3 0
antistudio/internal/infra/database/sqlite.go:30.16,32.3 1 0
antistudio/internal/infra/database/sqlite.go:35.2,36.16 2 0
antistudio/internal/infra/database/sqlite.go:36.16,38.3 1 0
antistudio/internal/infra/database/sqlite.go:40.2,40.47 1 0
antistudio/internal/infra/database/sqlite.go:45.67,48.2 2 0
antistudio/internal/infra/database/sqlite.go:50.72,53.16 3 0
antistudio/internal/infra/database/sqlite.go:53.16,55.3 1 0
antistudio/internal/infra/database/sqlite.go:56.2,56.10 1 0
antistudio/internal/infra/database/sqlite.go:56.10,58.3 1 0
antistudio/internal/infra/database/sqlite.go:59.2,59.18 1 0
antistudio/internal/infra/database/sqlite.go:62.87,66.2 3 0
antistudio/internal/infra/database/sqlite.go:68.67,71.2 2 0
antistudio/internal/infra/database/sqlite.go:73.52,77.2 2 0
antistudio/internal/infra/database/sqlite.go:81.66,84.2 2 0
antistudio/internal/infra/database/sqlite.go:86.100,95.16 3 0
antistudio/internal/infra/database/sqlite.go:95.16,97.3 1 0
antistudio/internal/infra/database/sqlite.go:100.2,100.53 1 0
antistudio/internal/infra/database/sqlite.go:100.53,102.3 1 0
antistudio/internal/infra/database/sqlite.go:104.2,104.18 1 0
antistudio/internal/service/agent.go:23.92,29.2 1 10
antistudio/internal/service/agent.go:32.66,35.2 2 2
antistudio/internal/service/agent.go:37.53,42.88 4 5
antistudio/internal/service/agent.go:42.88,43.17 1 15
antistudio/internal/service/agent.go:43.17,45.4 1 3
antistudio/internal/service/agent.go:46.3,46.49 1 12
antistudio/internal/service/agent.go:46.49,48.18 2 4
antistudio/internal/service/agent.go:48.18,50.5 1 0
antistudio/internal/service/agent.go:51.4,52.44 2 4
antistudio/internal/service/agent.go:54.3,54.13 1 12
antistudio/internal/service/agent.go:57.2,57.16 1 5
antistudio/internal/service/agent.go:57.16,59.25 1 3
antistudio/internal/service/agent.go:59.25,61.4 1 3
antistudio/internal/service/agent.go:62.3,62.17 1 0
antistudio/internal/service/agent.go:65.2,65.36 1 2
antistudio/internal/service/agent.go:69.115,71.21 2 6
antistudio/internal/service/agent.go:71.21,73.3 1 1
antistudio/internal/service/agent.go:76.2,77.16 2 5
antistudio/internal/service/agent.go:77.16,79.3 1 0
antistudio/internal/service/agent.go:80.2,80.17 1 5
antistudio/internal/service/agent.go:80.17,86.45 2 4
antistudio/internal/service/agent.go:86.45,88.4 1 0
antistudio/internal/service/agent.go:92.2,99.52 2 5
antistudio/internal/service/agent.go:99.52,101.3 1 0
antistudio/internal/service/agent.go:104.2,105.16 2 5
antistudio/internal/service/agent.go:105.16,107.3 1 0
antistudio/internal/service/agent.go:110.2,114.32 3 5
antistudio/internal/service/agent.go:114.32,119.3 1 2
antistudio/internal/service/agent.go:122.2,122.28 1 5
antistudio/internal/service/agent.go:122.28,124.3 1 6
antistudio/internal/service/agent.go:126.2,127.16 2 5
antistudio/internal/service/agent.go:127.16,129.3 1 0
antistudio/internal/service/agent.go:132.2,134.31 3 5
antistudio/internal/service/agent.go:134.31,135.31 1 11
antistudio/internal/service/agent.go:135.31,138.4 2 2
antistudio/internal/service/agent.go:140.3,140.31 1 11
antistudio/internal/service/agent.go:140.31,143.4 2 9
antistudio/internal/service/agent.go:147.2,156.41 2 5
antistudio/internal/service/agent.go:160.85,162.16 2 3
antistudio/internal/service/agent.go:162.16,164.3 1 0
antistudio/internal/service/agent.go:166.2,167.26 2 3
antistudio/internal/service/agent.go:167.26,173.3 1 8
antistudio/internal/service/agent.go:174.2,174.19 1 3
antistudio/internal/service/skill_manager.go:29.83,34.2 1 5
antistudio/internal/service/skill_manager.go:37.44,39.62 1 2
antistudio/internal/service/skill_manager.go:39.62,43.62 2 1
antistudio/internal/service/skill_manager.go:43.62,45.4 1 0
antistudio/internal/service/skill_manager.go:48.3,51.56 3 1
antistudio/internal/service/skill_manager.go:51.56,53.4 1 0
antistudio/internal/service/skill_manager.go:55.3,55.55 1 1
antistudio/internal/service/skill_manager.go:55.55,57.4 1 0
antistudio/internal/service/skill_manager.go:60.3,60.35 1 1
antistudio/internal/service/skill_manager.go:64.2,64.29 1 1
antistudio/internal/service/skill_manager.go:68.54,75.63 4 1
antistudio/internal/service/skill_manager.go:75.63,76.25 1 1
antistudio/internal/service/skill_manager.go:76.25,81.4 3 1
antistudio/internal/service/skill_manager.go:82.3,82.65 1 0
antistudio/internal/service/skill_manager.go:86.2,86.98 1 0
antistudio/internal/service/skill_manager.go:86.98,87.17 1 0
antistudio/internal/service/skill_manager.go:87.17,89.4 1 0
antistudio/internal/service/skill_manager.go:92.3,92.23 1 0
antistudio/internal/service/skill_manager.go:92.23,94.4 1 0
antistudio/internal/service/skill_manager.go:97.3,100.16 3 0
antistudio/internal/service/skill_manager.go:100.16,103.4 1 0
antistudio/internal/service/skill_manager.go:106.3,107.17 2 0
antistudio/internal/service/skill_manager.go:107.17,109.4 1 0
antistudio/internal/service/skill_manager.go:111.3,111.65 1 0
antistudio/internal/service/skill_manager.go:111.65,113.4 1 0
antistudio/internal/service/skill_manager.go:115.3,115.29 1 0
antistudio/internal/service/skill_manager.go:115.29,119.4 3 0
antistudio/internal/service/skill_manager.go:121.3,121.13 1 0
antistudio/internal/service/skill_manager.go:124.2,124.16 1 0
antistudio/internal/service/skill_manager.go:124.16,126.3 1 0
antistudio/internal/service/skill_manager.go:128.2,132.76 3 0
antistudio/internal/service/skill_manager.go:136.49,140.2 1 1
antistudio/internal/service/skill_manager.go:143.59,148.75 3 1
antistudio/internal/service/skill_manager.go:148.75,150.3 1 1
antistudio/internal/service/skill_manager.go:153.2,154.74 2 1
antistudio/internal/service/skill_manager.go:154.74,156.3 1 1
antistudio/internal/service/skill_manager.go:158.2,158.20 1 1
antistudio/internal/service/skill_manager.go:162.89,165.49 2 2
antistudio/internal/service/skill_manager.go:165.49,167.3 1 0
antistudio/internal/service/skill_manager.go:169.2,169.86 1 2
antistudio/internal/service/skill_manager.go:169.86,170.17 1 6
antistudio/internal/service/skill_manager.go:170.17,172.4 1 0
antistudio/internal/service/skill_manager.go:174.3,174.49 1 6
antistudio/internal/service/skill_manager.go:174.49,181.4 2 2
antistudio/internal/service/skill_manager.go:183.3,183.13 1 6
antistudio/internal/service/skill_manager.go:186.2,186.20 1 2
antistudio/internal/service/skill_manager.go:190.48,192.2 1 1
antistudio/internal/service/skill_manager.go:195.69,198.56 2 2
antistudio/internal/service/skill_manager.go:198.56,200.3 1 0
antistudio/internal/service/skill_manager.go:203.2,207.47 3 2
antistudio/internal/service/skill_manager.go:207.47,209.3 1 1
antistudio/internal/service/skill_manager.go:212.2,212.49 1 1
antistudio/internal/service/skill_manager.go:216.62,217.81 1 1
antistudio/internal/service/skill_manager.go:217.81,218.17 1 2
antistudio/internal/service/skill_manager.go:218.17,220.4 1 0
antistudio/internal/service/skill_manager.go:223.3,224.17 2 2
antistudio/internal/service/skill_manager.go:224.17,226.4 1 0
antistudio/internal/service/skill_manager.go:227.3,229.19 2 2
antistudio/internal/service/skill_manager.go:229.19,231.4 1 1
antistudio/internal/service/skill_manager.go:234.3,234.39 1 1
antistudio/internal/service/skill_manager.go:239.57,241.16 2 1
antistudio/internal/service/skill_manager.go:241.16,243.3 1 0
antistudio/internal/service/skill_manager.go:244.2,247.16 3 1
antistudio/internal/service/skill_manager.go:247.16,249.3 1 0
antistudio/internal/service/skill_manager.go:250.2,253.12 3 1
antistudio/internal/service/skill_manager.go:257.67,260.54 2 2
antistudio/internal/service/skill_manager.go:260.54,262.3 1 1
antistudio/internal/service/skill_manager.go:264.2,264.32 1 1
antistudio/internal/infra/llm/openai.go:22.86,24.19 2 12
antistudio/internal/infra/llm/openai.go:24.19,26.3 1 1
antistudio/internal/infra/llm/openai.go:28.2,30.17 2 12
antistudio/internal/infra/llm/openai.go:30.17,32.3 1 2
antistudio/internal/infra/llm/openai.go:34.2,37.3 1 12
antistudio/internal/infra/llm/openai.go:40.38,42.2 1 9
antistudio/internal/infra/llm/openai.go:44.95,46.25 2 5
antistudio/internal/infra/llm/openai.go:46.25,48.17 2 8
antistudio/internal/infra/llm/openai.go:49.25,50.39 1 1
antistudio/internal/infra/llm/openai.go:51.28,52.42 1 1
antistudio/internal/infra/llm/openai.go:53.23,54.37 1 1
antistudio/internal/infra/llm/openai.go:57.3,60.5 1 8
antistudio/internal/infra/llm/openai.go:62.2,62.19 1 5
antistudio/internal/infra/llm/openai.go:65.126,72.16 3 3
antistudio/internal/infra/llm/openai.go:72.16,74.3 1 3
antistudio/internal/infra/llm/openai.go:76.2,81.8 1 0
antistudio/internal/infra/llm/openai.go:84.141,92.16 3 2
antistudio/internal/infra/llm/openai.go:92.16,94.3 1 2
antistudio/internal/infra/llm/openai.go:96.2,98.12 2 0
antistudio/internal/infra/llm/openai.go:98.12,102.7 3 0
antistudio/internal/infra/llm/openai.go:102.7,104.30 2 0
antistudio/internal/infra/llm/openai.go:104.30,106.5 1 0
antistudio/internal/infra/llm/openai.go:107.4,107.18 1 0
antistudio/internal/infra/llm/openai.go:107.18,109.5 1 0
antistudio/internal/infra/llm/openai.go:111.4,111.33 1 0
antistudio/internal/infra/llm/openai.go:111.33,125.61 3 0
antistudio/internal/infra/llm/openai.go:125.61,127.6 1 0
antistudio/internal/infra/llm/openai.go:132.2,132.23 1 0
